2021-06-28 16:06:03,059:INFO:PyCaret Supervised Module
2021-06-28 16:06:03,059:INFO:ML Usecase: classification
2021-06-28 16:06:03,059:INFO:version 2.3.1
2021-06-28 16:06:03,059:INFO:Initializing setup()
2021-06-28 16:06:03,059:INFO:setup(target=Y, ml_usecase=classification, available_plots={'parameter': 'Hyperparameters', 'auc': 'AUC', 'confusion_matrix': 'Confusion Matrix', 'threshold': 'Threshold', 'pr': 'Precision Recall', 'error': 'Prediction Error', 'class_report': 'Class Report', 'rfe': 'Feature Selection', 'learning': 'Learning Curve', 'manifold': 'Manifold Learning', 'calibration': 'Calibration Curve', 'vc': 'Validation Curve', 'dimension': 'Dimensions', 'feature': 'Feature Importance', 'feature_all': 'Feature Importance (All)', 'boundary': 'Decision Boundary', 'lift': 'Lift Chart', 'gain': 'Gain Chart', 'tree': 'Decision Tree'}, train_size=0.9, test_data=None, preprocess=True, imputation_type=simple, iterative_imputation_iters=5, categorical_features=None, categorical_imputation=constant, categorical_iterative_imputer=lightgbm, ordinal_features=None, high_cardinality_features=None, high_cardinality_method=frequency, numeric_features=None, numeric_imputation=mean, numeric_iterative_imputer=lightgbm, date_features=None, ignore_features=None, normalize=True, normalize_method=zscore, transformation=False, transformation_method=yeo-johnson, handle_unknown_categorical=True, unknown_categorical_method=least_frequent, pca=False, pca_method=linear, pca_components=None, ignore_low_variance=False, combine_rare_levels=False, rare_level_threshold=0.1, bin_numeric_features=None, remove_outliers=False, outliers_threshold=0.05, remove_multicollinearity=False, multicollinearity_threshold=0.9, remove_perfect_collinearity=True, create_clusters=False, cluster_iter=20, polynomial_features=False, polynomial_degree=2, trigonometry_features=False, polynomial_threshold=0.1, group_features=None, group_names=None, feature_selection=True, feature_selection_threshold=0.3, feature_selection_method=classic, feature_interaction=False, feature_ratio=False, interaction_threshold=0.01, fix_imbalance=False, fix_imbalance_method=None, transform_target=False, transform_target_method=box-cox, data_split_shuffle=True, data_split_stratify=False, fold_strategy=stratifiedkfold, fold=10, fold_shuffle=False, fold_groups=None, n_jobs=-1, use_gpu=False, custom_pipeline=None, html=True, session_id=123, log_experiment=False, experiment_name=None, log_plots=False, log_profile=False, log_data=False, silent=False, verbose=True, profile=False, profile_kwargs=None, display=None)
2021-06-28 16:06:03,060:INFO:Checking environment
2021-06-28 16:06:03,060:INFO:python_version: 3.8.5
2021-06-28 16:06:03,060:INFO:python_build: ('default', 'Sep  3 2020 21:29:08')
2021-06-28 16:06:03,060:INFO:machine: AMD64
2021-06-28 16:06:03,060:INFO:platform: Windows-10-10.0.19041-SP0
2021-06-28 16:06:03,060:INFO:Memory: svmem(total=16556564480, available=7693668352, percent=53.5, used=8862896128, free=7693668352)
2021-06-28 16:06:03,060:INFO:Physical Core: 8
2021-06-28 16:06:03,060:INFO:Logical Core: 16
2021-06-28 16:06:03,060:INFO:Checking libraries
2021-06-28 16:06:03,060:INFO:pd==1.2.2
2021-06-28 16:06:03,060:INFO:numpy==1.19.5
2021-06-28 16:06:03,060:INFO:sklearn==0.23.2
2021-06-28 16:06:03,060:INFO:lightgbm==3.2.1
2021-06-28 16:06:03,061:WARNING:catboost not found
2021-06-28 16:06:03,204:INFO:xgboost==1.4.2
2021-06-28 16:06:03,818:INFO:mlflow==1.17.0
2021-06-28 16:06:03,818:INFO:Checking Exceptions
2021-06-28 16:06:03,818:INFO:Declaring global variables
2021-06-28 16:06:03,819:INFO:USI: f817
2021-06-28 16:06:03,819:INFO:pycaret_globals: {'target_param', 'stratify_param', 'experiment__', 'prep_pipe', 'fix_imbalance_param', 'X_train', 'fold_groups_param', 'html_param', 'y', 'n_jobs_param', '_all_models_internal', 'gpu_param', 'logging_param', '_internal_pipeline', 'X_test', 'USI', '_all_models', 'pycaret_globals', 'data_before_preprocess', '_ml_usecase', 'master_model_container', '_gpu_n_jobs_param', 'fold_param', 'imputation_classifier', 'seed', 'display_container', 'fold_shuffle_param', 'imputation_regressor', 'y_test', 'transform_target_param', 'iterative_imputation_iters_param', 'fix_imbalance_method_param', 'fold_groups_param_full', '_all_metrics', 'y_train', '_available_plots', 'X', 'create_model_container', 'exp_name_log', 'fold_generator', 'log_plots_param', 'transform_target_method_param'}
2021-06-28 16:06:03,819:INFO:Preparing display monitor
2021-06-28 16:06:03,819:INFO:Preparing display monitor
2021-06-28 16:06:03,829:INFO:Importing libraries
2021-06-28 16:06:03,830:INFO:Copying data for preprocessing
2021-06-28 16:06:03,838:INFO:Declaring preprocessing parameters
2021-06-28 16:06:03,845:INFO:Creating preprocessing pipeline
2021-06-28 16:06:03,963:INFO:Preprocessing pipeline created successfully
2021-06-28 16:06:03,964:ERROR:(Process Exit): setup has been interupted with user command 'quit'. setup must rerun.
2021-06-28 16:06:03,964:INFO:Creating global containers
2021-06-28 16:06:03,967:INFO:Internal pipeline: Pipeline(memory=None, steps=[('empty_step', 'passthrough')], verbose=False)
2021-06-28 16:06:09,068:WARNING:Couldn't import catboost.CatBoostClassifier
2021-06-28 16:06:09,143:WARNING:Couldn't import catboost.CatBoostClassifier
2021-06-28 16:06:09,143:INFO:Creating grid variables
2021-06-28 16:06:09,161:INFO:create_model_container: 0
2021-06-28 16:06:09,161:INFO:master_model_container: 0
2021-06-28 16:06:09,161:INFO:display_container: 1
2021-06-28 16:06:09,165:INFO:Pipeline(memory=None,
         steps=[('dtypes',
                 DataTypes_Auto_infer(categorical_features=[],
                                      display_types=True, features_todrop=[],
                                      id_columns=[],
                                      ml_usecase='classification',
                                      numerical_features=[], target='Y',
                                      time_features=[])),
                ('imputer',
                 Simple_Imputer(categorical_strategy='not_available',
                                fill_value_categorical=None,
                                fill_value_numerical=None,
                                numeric_strategy='...
                ('dummy', Dummify(target='Y')),
                ('fix_perfect', Remove_100(target='Y')),
                ('clean_names', Clean_Colum_Names()),
                ('feature_select',
                 Advanced_Feature_Selection_Classic(ml_usecase='classification',
                                                    n_jobs=-1, random_state=123,
                                                    subclass='binary',
                                                    target='Y',
                                                    top_features_to_pick=0.7)),
                ('fix_multi', 'passthrough'), ('dfs', 'passthrough'),
                ('pca', 'passthrough')],
         verbose=False)
2021-06-28 16:06:09,165:INFO:setup() succesfully completed......................................
2021-06-28 16:06:09,252:INFO:Initializing create_model()
2021-06-28 16:06:09,252:INFO:create_model(estimator=et, fold=None, round=4, cross_validation=True, predict=True, fit_kwargs=None, groups=None, refit=True, verbose=True, system=True, metrics=None, display=None, kwargs={})
2021-06-28 16:06:09,252:INFO:Checking exceptions
2021-06-28 16:06:09,252:INFO:Preparing display monitor
2021-06-28 16:06:09,266:INFO:Importing libraries
2021-06-28 16:06:09,266:INFO:Copying training dataset
2021-06-28 16:06:09,267:INFO:Defining folds
2021-06-28 16:06:09,268:INFO:Declaring metric variables
2021-06-28 16:06:09,273:INFO:Importing untrained model
2021-06-28 16:06:09,280:INFO:Extra Trees Classifier Imported succesfully
2021-06-28 16:06:09,296:INFO:Starting cross validation
2021-06-28 16:06:09,296:INFO:Cross validating with StratifiedKFold(n_splits=10, random_state=None, shuffle=False), n_jobs=-1
2021-06-28 16:06:18,425:INFO:Calculating mean and std
2021-06-28 16:06:18,427:INFO:Creating metrics dataframe
2021-06-28 16:06:18,436:INFO:Finalizing model
2021-06-28 16:06:19,099:INFO:Uploading results into container
2021-06-28 16:06:19,099:INFO:Uploading model into container now
2021-06-28 16:06:19,112:INFO:create_model_container: 1
2021-06-28 16:06:19,112:INFO:master_model_container: 1
2021-06-28 16:06:19,112:INFO:display_container: 2
2021-06-28 16:06:19,113:INFO:ExtraTreesClassifier(bootstrap=False, ccp_alpha=0.0, class_weight=None,
                     criterion='gini', max_depth=None, max_features='auto',
                     max_leaf_nodes=None, max_samples=None,
                     min_impurity_decrease=0.0, min_impurity_split=None,
                     min_samples_leaf=1, min_samples_split=2,
                     min_weight_fraction_leaf=0.0, n_estimators=100, n_jobs=-1,
                     oob_score=False, random_state=123, verbose=0,
                     warm_start=False)
2021-06-28 16:06:19,113:INFO:create_model() succesfully completed......................................
2021-06-28 16:06:19,174:INFO:Initializing create_model()
2021-06-28 16:06:19,174:INFO:create_model(estimator=rf, fold=None, round=4, cross_validation=True, predict=True, fit_kwargs=None, groups=None, refit=True, verbose=True, system=True, metrics=None, display=None, kwargs={})
2021-06-28 16:06:19,175:INFO:Checking exceptions
2021-06-28 16:06:19,175:INFO:Preparing display monitor
2021-06-28 16:06:19,188:INFO:Importing libraries
2021-06-28 16:06:19,189:INFO:Copying training dataset
2021-06-28 16:06:19,190:INFO:Defining folds
2021-06-28 16:06:19,190:INFO:Declaring metric variables
2021-06-28 16:06:19,196:INFO:Importing untrained model
2021-06-28 16:06:19,204:INFO:Random Forest Classifier Imported succesfully
2021-06-28 16:06:19,218:INFO:Starting cross validation
2021-06-28 16:06:19,219:INFO:Cross validating with StratifiedKFold(n_splits=10, random_state=None, shuffle=False), n_jobs=-1
2021-06-28 16:06:33,244:INFO:Calculating mean and std
2021-06-28 16:06:33,245:INFO:Creating metrics dataframe
2021-06-28 16:06:33,254:INFO:Finalizing model
2021-06-28 16:06:34,742:INFO:Uploading results into container
2021-06-28 16:06:34,742:INFO:Uploading model into container now
2021-06-28 16:06:34,755:INFO:create_model_container: 2
2021-06-28 16:06:34,755:INFO:master_model_container: 2
2021-06-28 16:06:34,756:INFO:display_container: 3
2021-06-28 16:06:34,756:INFO:RandomForestClassifier(bootstrap=True, ccp_alpha=0.0, class_weight=None,
                       criterion='gini', max_depth=None, max_features='auto',
                       max_leaf_nodes=None, max_samples=None,
                       min_impurity_decrease=0.0, min_impurity_split=None,
                       min_samples_leaf=1, min_samples_split=2,
                       min_weight_fraction_leaf=0.0, n_estimators=100,
                       n_jobs=-1, oob_score=False, random_state=123, verbose=0,
                       warm_start=False)
2021-06-28 16:06:34,756:INFO:create_model() succesfully completed......................................
2021-06-28 16:06:34,849:INFO:Initializing blend_models()
2021-06-28 16:06:34,849:INFO:blend_models(estimator_list=[ExtraTreesClassifier(bootstrap=False, ccp_alpha=0.0, class_weight=None,
                     criterion='gini', max_depth=None, max_features='auto',
                     max_leaf_nodes=None, max_samples=None,
                     min_impurity_decrease=0.0, min_impurity_split=None,
                     min_samples_leaf=1, min_samples_split=2,
                     min_weight_fraction_leaf=0.0, n_estimators=100, n_jobs=-1,
                     oob_score=False, random_state=123, verbose=0,
                     warm_start=False), RandomForestClassifier(bootstrap=True, ccp_alpha=0.0, class_weight=None,
                       criterion='gini', max_depth=None, max_features='auto',
                       max_leaf_nodes=None, max_samples=None,
                       min_impurity_decrease=0.0, min_impurity_split=None,
                       min_samples_leaf=1, min_samples_split=2,
                       min_weight_fraction_leaf=0.0, n_estimators=100,
                       n_jobs=-1, oob_score=False, random_state=123, verbose=0,
                       warm_start=False)], fold=None, round=4, choose_better=False, optimize=Accuracy, method=soft, weights=None, fit_kwargs=None, groups=None, verbose=True, display=None)
2021-06-28 16:06:34,849:INFO:Checking exceptions
2021-06-28 16:06:34,851:INFO:Preparing display monitor
2021-06-28 16:06:34,865:INFO:Importing libraries
2021-06-28 16:06:34,865:INFO:Copying training dataset
2021-06-28 16:06:34,874:INFO:Getting model names
2021-06-28 16:06:34,881:INFO:SubProcess create_model() called ==================================
2021-06-28 16:06:34,884:INFO:Initializing create_model()
2021-06-28 16:06:34,885:INFO:create_model(estimator=VotingClassifier(estimators=[('et',
                              ExtraTreesClassifier(bootstrap=False,
                                                   ccp_alpha=0.0,
                                                   class_weight=None,
                                                   criterion='gini',
                                                   max_depth=None,
                                                   max_features='auto',
                                                   max_leaf_nodes=None,
                                                   max_samples=None,
                                                   min_impurity_decrease=0.0,
                                                   min_impurity_split=None,
                                                   min_samples_leaf=1,
                                                   min_samples_split=2,
                                                   min_weight_fraction_leaf=0.0,
                                                   n_estimators=100, n_jobs=-1,
                                                   oob_score=Fa...
                                                     max_depth=None,
                                                     max_features='auto',
                                                     max_leaf_nodes=None,
                                                     max_samples=None,
                                                     min_impurity_decrease=0.0,
                                                     min_impurity_split=None,
                                                     min_samples_leaf=1,
                                                     min_samples_split=2,
                                                     min_weight_fraction_leaf=0.0,
                                                     n_estimators=100,
                                                     n_jobs=-1, oob_score=False,
                                                     random_state=123,
                                                     verbose=0,
                                                     warm_start=False))],
                 flatten_transform=True, n_jobs=-1, verbose=False,
                 voting='soft', weights=None), fold=StratifiedKFold(n_splits=10, random_state=None, shuffle=False), round=4, cross_validation=True, predict=True, fit_kwargs={}, groups=None, refit=True, verbose=True, system=False, metrics=None, display=<pycaret.internal.Display.Display object at 0x000002552E9D0070>, kwargs={})
2021-06-28 16:06:34,885:INFO:Checking exceptions
2021-06-28 16:06:34,885:INFO:Importing libraries
2021-06-28 16:06:34,885:INFO:Copying training dataset
2021-06-28 16:06:34,886:INFO:Defining folds
2021-06-28 16:06:34,886:INFO:Declaring metric variables
2021-06-28 16:06:34,892:INFO:Importing untrained model
2021-06-28 16:06:34,893:INFO:Declaring custom model
2021-06-28 16:06:34,902:INFO:Voting Classifier Imported succesfully
2021-06-28 16:06:34,916:INFO:Starting cross validation
2021-06-28 16:06:34,917:INFO:Cross validating with StratifiedKFold(n_splits=10, random_state=None, shuffle=False), n_jobs=-1
2021-06-28 16:06:55,187:INFO:Calculating mean and std
2021-06-28 16:06:55,188:INFO:Creating metrics dataframe
2021-06-28 16:06:55,197:INFO:Finalizing model
2021-06-28 16:06:57,989:INFO:Uploading results into container
2021-06-28 16:06:57,989:INFO:Uploading model into container now
2021-06-28 16:06:57,990:INFO:create_model_container: 3
2021-06-28 16:06:57,990:INFO:master_model_container: 3
2021-06-28 16:06:57,990:INFO:display_container: 4
2021-06-28 16:06:57,992:INFO:VotingClassifier(estimators=[('et',
                              ExtraTreesClassifier(bootstrap=False,
                                                   ccp_alpha=0.0,
                                                   class_weight=None,
                                                   criterion='gini',
                                                   max_depth=None,
                                                   max_features='auto',
                                                   max_leaf_nodes=None,
                                                   max_samples=None,
                                                   min_impurity_decrease=0.0,
                                                   min_impurity_split=None,
                                                   min_samples_leaf=1,
                                                   min_samples_split=2,
                                                   min_weight_fraction_leaf=0.0,
                                                   n_estimators=100, n_jobs=-1,
                                                   oob_score=Fa...
                                                     max_depth=None,
                                                     max_features='auto',
                                                     max_leaf_nodes=None,
                                                     max_samples=None,
                                                     min_impurity_decrease=0.0,
                                                     min_impurity_split=None,
                                                     min_samples_leaf=1,
                                                     min_samples_split=2,
                                                     min_weight_fraction_leaf=0.0,
                                                     n_estimators=100,
                                                     n_jobs=-1, oob_score=False,
                                                     random_state=123,
                                                     verbose=0,
                                                     warm_start=False))],
                 flatten_transform=True, n_jobs=-1, verbose=False,
                 voting='soft', weights=None)
2021-06-28 16:06:57,992:INFO:create_model() succesfully completed......................................
2021-06-28 16:06:58,049:INFO:SubProcess create_model() end ==================================
2021-06-28 16:06:58,064:INFO:create_model_container: 3
2021-06-28 16:06:58,065:INFO:master_model_container: 3
2021-06-28 16:06:58,065:INFO:display_container: 4
2021-06-28 16:06:58,068:INFO:VotingClassifier(estimators=[('et',
                              ExtraTreesClassifier(bootstrap=False,
                                                   ccp_alpha=0.0,
                                                   class_weight=None,
                                                   criterion='gini',
                                                   max_depth=None,
                                                   max_features='auto',
                                                   max_leaf_nodes=None,
                                                   max_samples=None,
                                                   min_impurity_decrease=0.0,
                                                   min_impurity_split=None,
                                                   min_samples_leaf=1,
                                                   min_samples_split=2,
                                                   min_weight_fraction_leaf=0.0,
                                                   n_estimators=100, n_jobs=-1,
                                                   oob_score=Fa...
                                                     max_depth=None,
                                                     max_features='auto',
                                                     max_leaf_nodes=None,
                                                     max_samples=None,
                                                     min_impurity_decrease=0.0,
                                                     min_impurity_split=None,
                                                     min_samples_leaf=1,
                                                     min_samples_split=2,
                                                     min_weight_fraction_leaf=0.0,
                                                     n_estimators=100,
                                                     n_jobs=-1, oob_score=False,
                                                     random_state=123,
                                                     verbose=0,
                                                     warm_start=False))],
                 flatten_transform=True, n_jobs=-1, verbose=False,
                 voting='soft', weights=None)
2021-06-28 16:06:58,068:INFO:blend_models() succesfully completed......................................
2021-06-28 16:06:58,136:INFO:Initializing finalize_model()
2021-06-28 16:06:58,136:INFO:finalize_model(estimator=VotingClassifier(estimators=[('et',
                              ExtraTreesClassifier(bootstrap=False,
                                                   ccp_alpha=0.0,
                                                   class_weight=None,
                                                   criterion='gini',
                                                   max_depth=None,
                                                   max_features='auto',
                                                   max_leaf_nodes=None,
                                                   max_samples=None,
                                                   min_impurity_decrease=0.0,
                                                   min_impurity_split=None,
                                                   min_samples_leaf=1,
                                                   min_samples_split=2,
                                                   min_weight_fraction_leaf=0.0,
                                                   n_estimators=100, n_jobs=-1,
                                                   oob_score=Fa...
                                                     max_depth=None,
                                                     max_features='auto',
                                                     max_leaf_nodes=None,
                                                     max_samples=None,
                                                     min_impurity_decrease=0.0,
                                                     min_impurity_split=None,
                                                     min_samples_leaf=1,
                                                     min_samples_split=2,
                                                     min_weight_fraction_leaf=0.0,
                                                     n_estimators=100,
                                                     n_jobs=-1, oob_score=False,
                                                     random_state=123,
                                                     verbose=0,
                                                     warm_start=False))],
                 flatten_transform=True, n_jobs=-1, verbose=False,
                 voting='soft', weights=None), fit_kwargs=None, groups=None, model_only=True, display=None)
2021-06-28 16:06:58,140:INFO:Finalizing VotingClassifier(estimators=[('et',
                              ExtraTreesClassifier(bootstrap=False,
                                                   ccp_alpha=0.0,
                                                   class_weight=None,
                                                   criterion='gini',
                                                   max_depth=None,
                                                   max_features='auto',
                                                   max_leaf_nodes=None,
                                                   max_samples=None,
                                                   min_impurity_decrease=0.0,
                                                   min_impurity_split=None,
                                                   min_samples_leaf=1,
                                                   min_samples_split=2,
                                                   min_weight_fraction_leaf=0.0,
                                                   n_estimators=100, n_jobs=-1,
                                                   oob_score=Fa...
                                                     max_depth=None,
                                                     max_features='auto',
                                                     max_leaf_nodes=None,
                                                     max_samples=None,
                                                     min_impurity_decrease=0.0,
                                                     min_impurity_split=None,
                                                     min_samples_leaf=1,
                                                     min_samples_split=2,
                                                     min_weight_fraction_leaf=0.0,
                                                     n_estimators=100,
                                                     n_jobs=-1, oob_score=False,
                                                     random_state=123,
                                                     verbose=0,
                                                     warm_start=False))],
                 flatten_transform=True, n_jobs=-1, verbose=False,
                 voting='soft', weights=None)
2021-06-28 16:06:58,142:INFO:Initializing create_model()
2021-06-28 16:06:58,142:INFO:create_model(estimator=VotingClassifier(estimators=[('et',
                              ExtraTreesClassifier(bootstrap=False,
                                                   ccp_alpha=0.0,
                                                   class_weight=None,
                                                   criterion='gini',
                                                   max_depth=None,
                                                   max_features='auto',
                                                   max_leaf_nodes=None,
                                                   max_samples=None,
                                                   min_impurity_decrease=0.0,
                                                   min_impurity_split=None,
                                                   min_samples_leaf=1,
                                                   min_samples_split=2,
                                                   min_weight_fraction_leaf=0.0,
                                                   n_estimators=100, n_jobs=-1,
                                                   oob_score=Fa...
                                                     max_depth=None,
                                                     max_features='auto',
                                                     max_leaf_nodes=None,
                                                     max_samples=None,
                                                     min_impurity_decrease=0.0,
                                                     min_impurity_split=None,
                                                     min_samples_leaf=1,
                                                     min_samples_split=2,
                                                     min_weight_fraction_leaf=0.0,
                                                     n_estimators=100,
                                                     n_jobs=-1, oob_score=False,
                                                     random_state=123,
                                                     verbose=0,
                                                     warm_start=False))],
                 flatten_transform=True, n_jobs=-1, verbose=False,
                 voting='soft', weights=None), fold=None, round=4, cross_validation=True, predict=True, fit_kwargs={}, groups=None, refit=True, verbose=False, system=False, metrics=None, display=None, kwargs={})
2021-06-28 16:06:58,142:INFO:Checking exceptions
2021-06-28 16:06:58,142:INFO:Importing libraries
2021-06-28 16:06:58,142:INFO:Copying training dataset
2021-06-28 16:06:58,143:INFO:Defining folds
2021-06-28 16:06:58,143:INFO:Declaring metric variables
2021-06-28 16:06:58,143:INFO:Importing untrained model
2021-06-28 16:06:58,143:INFO:Declaring custom model
2021-06-28 16:06:58,144:INFO:Voting Classifier Imported succesfully
2021-06-28 16:06:58,144:INFO:Starting cross validation
2021-06-28 16:06:58,145:INFO:Cross validating with StratifiedKFold(n_splits=10, random_state=None, shuffle=False), n_jobs=-1
2021-06-28 16:07:18,929:INFO:Calculating mean and std
2021-06-28 16:07:18,930:INFO:Creating metrics dataframe
2021-06-28 16:07:18,932:INFO:Finalizing model
2021-06-28 16:07:21,725:INFO:Uploading results into container
2021-06-28 16:07:21,725:INFO:Uploading model into container now
2021-06-28 16:07:21,725:INFO:create_model_container: 4
2021-06-28 16:07:21,725:INFO:master_model_container: 4
2021-06-28 16:07:21,725:INFO:display_container: 5
2021-06-28 16:07:21,729:INFO:VotingClassifier(estimators=[('et',
                              ExtraTreesClassifier(bootstrap=False,
                                                   ccp_alpha=0.0,
                                                   class_weight=None,
                                                   criterion='gini',
                                                   max_depth=None,
                                                   max_features='auto',
                                                   max_leaf_nodes=None,
                                                   max_samples=None,
                                                   min_impurity_decrease=0.0,
                                                   min_impurity_split=None,
                                                   min_samples_leaf=1,
                                                   min_samples_split=2,
                                                   min_weight_fraction_leaf=0.0,
                                                   n_estimators=100, n_jobs=-1,
                                                   oob_score=Fa...
                                                     max_depth=None,
                                                     max_features='auto',
                                                     max_leaf_nodes=None,
                                                     max_samples=None,
                                                     min_impurity_decrease=0.0,
                                                     min_impurity_split=None,
                                                     min_samples_leaf=1,
                                                     min_samples_split=2,
                                                     min_weight_fraction_leaf=0.0,
                                                     n_estimators=100,
                                                     n_jobs=-1, oob_score=False,
                                                     random_state=123,
                                                     verbose=0,
                                                     warm_start=False))],
                 flatten_transform=True, n_jobs=-1, verbose=False,
                 voting='soft', weights=None)
2021-06-28 16:07:21,729:INFO:create_model() succesfully completed......................................
2021-06-28 16:07:21,786:INFO:create_model_container: 4
2021-06-28 16:07:21,786:INFO:master_model_container: 4
2021-06-28 16:07:21,786:INFO:display_container: 4
2021-06-28 16:07:21,789:INFO:VotingClassifier(estimators=[('et',
                              ExtraTreesClassifier(bootstrap=False,
                                                   ccp_alpha=0.0,
                                                   class_weight=None,
                                                   criterion='gini',
                                                   max_depth=None,
                                                   max_features='auto',
                                                   max_leaf_nodes=None,
                                                   max_samples=None,
                                                   min_impurity_decrease=0.0,
                                                   min_impurity_split=None,
                                                   min_samples_leaf=1,
                                                   min_samples_split=2,
                                                   min_weight_fraction_leaf=0.0,
                                                   n_estimators=100, n_jobs=-1,
                                                   oob_score=Fa...
                                                     max_depth=None,
                                                     max_features='auto',
                                                     max_leaf_nodes=None,
                                                     max_samples=None,
                                                     min_impurity_decrease=0.0,
                                                     min_impurity_split=None,
                                                     min_samples_leaf=1,
                                                     min_samples_split=2,
                                                     min_weight_fraction_leaf=0.0,
                                                     n_estimators=100,
                                                     n_jobs=-1, oob_score=False,
                                                     random_state=123,
                                                     verbose=0,
                                                     warm_start=False))],
                 flatten_transform=True, n_jobs=-1, verbose=False,
                 voting='soft', weights=None)
2021-06-28 16:07:21,789:INFO:finalize_model() succesfully completed......................................
2021-06-28 16:07:21,863:INFO:Initializing save_model()
2021-06-28 16:07:21,863:INFO:save_model(model=VotingClassifier(estimators=[('et',
                              ExtraTreesClassifier(bootstrap=False,
                                                   ccp_alpha=0.0,
                                                   class_weight=None,
                                                   criterion='gini',
                                                   max_depth=None,
                                                   max_features='auto',
                                                   max_leaf_nodes=None,
                                                   max_samples=None,
                                                   min_impurity_decrease=0.0,
                                                   min_impurity_split=None,
                                                   min_samples_leaf=1,
                                                   min_samples_split=2,
                                                   min_weight_fraction_leaf=0.0,
                                                   n_estimators=100, n_jobs=-1,
                                                   oob_score=Fa...
                                                     max_depth=None,
                                                     max_features='auto',
                                                     max_leaf_nodes=None,
                                                     max_samples=None,
                                                     min_impurity_decrease=0.0,
                                                     min_impurity_split=None,
                                                     min_samples_leaf=1,
                                                     min_samples_split=2,
                                                     min_weight_fraction_leaf=0.0,
                                                     n_estimators=100,
                                                     n_jobs=-1, oob_score=False,
                                                     random_state=123,
                                                     verbose=0,
                                                     warm_start=False))],
                 flatten_transform=True, n_jobs=-1, verbose=False,
                 voting='soft', weights=None), model_name=best-model, prep_pipe_=Pipeline(memory=None,
         steps=[('dtypes',
                 DataTypes_Auto_infer(categorical_features=[],
                                      display_types=True, features_todrop=[],
                                      id_columns=[],
                                      ml_usecase='classification',
                                      numerical_features=[], target='Y',
                                      time_features=[])),
                ('imputer',
                 Simple_Imputer(categorical_strategy='not_available',
                                fill_value_categorical=None,
                                fill_value_numerical=None,
                                numeric_strategy='...
                ('dummy', Dummify(target='Y')),
                ('fix_perfect', Remove_100(target='Y')),
                ('clean_names', Clean_Colum_Names()),
                ('feature_select',
                 Advanced_Feature_Selection_Classic(ml_usecase='classification',
                                                    n_jobs=-1, random_state=123,
                                                    subclass='binary',
                                                    target='Y',
                                                    top_features_to_pick=0.7)),
                ('fix_multi', 'passthrough'), ('dfs', 'passthrough'),
                ('pca', 'passthrough')],
         verbose=False), verbose=True, kwargs={})
2021-06-28 16:07:21,863:INFO:Adding model into prep_pipe
2021-06-28 16:07:22,295:INFO:best-model.pkl saved in current working directory
2021-06-28 16:07:22,306:INFO:Pipeline(memory=None,
         steps=[('dtypes',
                 DataTypes_Auto_infer(categorical_features=[],
                                      display_types=True, features_todrop=[],
                                      id_columns=[],
                                      ml_usecase='classification',
                                      numerical_features=[], target='Y',
                                      time_features=[])),
                ('imputer',
                 Simple_Imputer(categorical_strategy='not_available',
                                fill_value_categorical=None,
                                fill_value_numerical=None,
                                numeric_strategy='...
                                                                      max_features='auto',
                                                                      max_leaf_nodes=None,
                                                                      max_samples=None,
                                                                      min_impurity_decrease=0.0,
                                                                      min_impurity_split=None,
                                                                      min_samples_leaf=1,
                                                                      min_samples_split=2,
                                                                      min_weight_fraction_leaf=0.0,
                                                                      n_estimators=100,
                                                                      n_jobs=-1,
                                                                      oob_score=False,
                                                                      random_state=123,
                                                                      verbose=0,
                                                                      warm_start=False))],
                                  flatten_transform=True, n_jobs=-1,
                                  verbose=False, voting='soft',
                                  weights=None)]],
         verbose=False)
2021-06-28 16:07:22,306:INFO:save_model() succesfully completed......................................
2021-06-28 16:07:22,362:INFO:Initializing load_model()
2021-06-28 16:07:22,362:INFO:load_model(model_name=best-model, platform=None, authentication=None, verbose=True)
2021-06-28 16:07:23,175:INFO:Initializing plot_model()
2021-06-28 16:07:23,176:INFO:plot_model(plot=confusion_matrix, fold=None, use_train_data=False, verbose=True, is_in_evaluate=False, display=None, display_format=None, estimator=VotingClassifier(estimators=[('et',
                              ExtraTreesClassifier(bootstrap=False,
                                                   ccp_alpha=0.0,
                                                   class_weight=None,
                                                   criterion='gini',
                                                   max_depth=None,
                                                   max_features='auto',
                                                   max_leaf_nodes=None,
                                                   max_samples=None,
                                                   min_impurity_decrease=0.0,
                                                   min_impurity_split=None,
                                                   min_samples_leaf=1,
                                                   min_samples_split=2,
                                                   min_weight_fraction_leaf=0.0,
                                                   n_estimators=100, n_jobs=-1,
                                                   oob_score=Fa...
                                                     max_depth=None,
                                                     max_features='auto',
                                                     max_leaf_nodes=None,
                                                     max_samples=None,
                                                     min_impurity_decrease=0.0,
                                                     min_impurity_split=None,
                                                     min_samples_leaf=1,
                                                     min_samples_split=2,
                                                     min_weight_fraction_leaf=0.0,
                                                     n_estimators=100,
                                                     n_jobs=-1, oob_score=False,
                                                     random_state=123,
                                                     verbose=0,
                                                     warm_start=False))],
                 flatten_transform=True, n_jobs=-1, verbose=False,
                 voting='soft', weights=None), feature_name=None, fit_kwargs=None, groups=None, label=False, save=False, scale=1, system=True)
2021-06-28 16:07:23,176:INFO:Checking exceptions
2021-06-28 16:07:23,177:INFO:Preparing display monitor
2021-06-28 16:07:23,182:INFO:Preloading libraries
2021-06-28 16:07:23,377:INFO:Copying training dataset
2021-06-28 16:07:23,378:INFO:Copying test dataset
2021-06-28 16:07:23,379:INFO:Plot type: confusion_matrix
2021-06-28 16:07:23,478:INFO:Fitting Model
2021-06-28 16:07:23,480:INFO:Scoring test/hold-out set
2021-06-28 16:07:23,777:INFO:Visual Rendered Successfully
2021-06-28 16:07:23,837:INFO:plot_model() succesfully completed......................................
2021-06-28 16:07:23,861:INFO:Initializing plot_model()
2021-06-28 16:07:23,861:INFO:plot_model(plot=class_report, fold=None, use_train_data=False, verbose=True, is_in_evaluate=False, display=None, display_format=None, estimator=VotingClassifier(estimators=[('et',
                              ExtraTreesClassifier(bootstrap=False,
                                                   ccp_alpha=0.0,
                                                   class_weight=None,
                                                   criterion='gini',
                                                   max_depth=None,
                                                   max_features='auto',
                                                   max_leaf_nodes=None,
                                                   max_samples=None,
                                                   min_impurity_decrease=0.0,
                                                   min_impurity_split=None,
                                                   min_samples_leaf=1,
                                                   min_samples_split=2,
                                                   min_weight_fraction_leaf=0.0,
                                                   n_estimators=100, n_jobs=-1,
                                                   oob_score=Fa...
                                                     max_depth=None,
                                                     max_features='auto',
                                                     max_leaf_nodes=None,
                                                     max_samples=None,
                                                     min_impurity_decrease=0.0,
                                                     min_impurity_split=None,
                                                     min_samples_leaf=1,
                                                     min_samples_split=2,
                                                     min_weight_fraction_leaf=0.0,
                                                     n_estimators=100,
                                                     n_jobs=-1, oob_score=False,
                                                     random_state=123,
                                                     verbose=0,
                                                     warm_start=False))],
                 flatten_transform=True, n_jobs=-1, verbose=False,
                 voting='soft', weights=None), feature_name=None, fit_kwargs=None, groups=None, label=False, save=False, scale=1, system=True)
2021-06-28 16:07:23,861:INFO:Checking exceptions
2021-06-28 16:07:23,862:INFO:Preparing display monitor
2021-06-28 16:07:23,868:INFO:Preloading libraries
2021-06-28 16:07:24,073:INFO:Copying training dataset
2021-06-28 16:07:24,074:INFO:Copying test dataset
2021-06-28 16:07:24,074:INFO:Plot type: class_report
2021-06-28 16:07:24,077:INFO:Fitting Model
2021-06-28 16:07:24,078:INFO:Scoring test/hold-out set
2021-06-28 16:07:24,408:INFO:Visual Rendered Successfully
2021-06-28 16:07:24,472:INFO:plot_model() succesfully completed......................................
2021-06-28 16:07:24,501:INFO:Initializing plot_model()
2021-06-28 16:07:24,501:INFO:plot_model(plot=auc, fold=None, use_train_data=False, verbose=True, is_in_evaluate=False, display=None, display_format=None, estimator=VotingClassifier(estimators=[('et',
                              ExtraTreesClassifier(bootstrap=False,
                                                   ccp_alpha=0.0,
                                                   class_weight=None,
                                                   criterion='gini',
                                                   max_depth=None,
                                                   max_features='auto',
                                                   max_leaf_nodes=None,
                                                   max_samples=None,
                                                   min_impurity_decrease=0.0,
                                                   min_impurity_split=None,
                                                   min_samples_leaf=1,
                                                   min_samples_split=2,
                                                   min_weight_fraction_leaf=0.0,
                                                   n_estimators=100, n_jobs=-1,
                                                   oob_score=Fa...
                                                     max_depth=None,
                                                     max_features='auto',
                                                     max_leaf_nodes=None,
                                                     max_samples=None,
                                                     min_impurity_decrease=0.0,
                                                     min_impurity_split=None,
                                                     min_samples_leaf=1,
                                                     min_samples_split=2,
                                                     min_weight_fraction_leaf=0.0,
                                                     n_estimators=100,
                                                     n_jobs=-1, oob_score=False,
                                                     random_state=123,
                                                     verbose=0,
                                                     warm_start=False))],
                 flatten_transform=True, n_jobs=-1, verbose=False,
                 voting='soft', weights=None), feature_name=None, fit_kwargs=None, groups=None, label=False, save=False, scale=1, system=True)
2021-06-28 16:07:24,501:INFO:Checking exceptions
2021-06-28 16:07:24,502:INFO:Preparing display monitor
2021-06-28 16:07:24,507:INFO:Preloading libraries
2021-06-28 16:07:24,705:INFO:Copying training dataset
2021-06-28 16:07:24,706:INFO:Copying test dataset
2021-06-28 16:07:24,707:INFO:Plot type: auc
2021-06-28 16:07:24,709:INFO:Fitting Model
2021-06-28 16:07:24,711:INFO:Scoring test/hold-out set
2021-06-28 16:07:25,009:INFO:Visual Rendered Successfully
2021-06-28 16:07:25,069:INFO:plot_model() succesfully completed......................................
2021-06-28 16:07:48,377:INFO:Initializing plot_model()
2021-06-28 16:07:48,377:INFO:plot_model(plot=confusion_matrix, fold=None, use_train_data=False, verbose=True, is_in_evaluate=False, display=None, display_format=None, estimator=VotingClassifier(estimators=[('et',
                              ExtraTreesClassifier(bootstrap=False,
                                                   ccp_alpha=0.0,
                                                   class_weight=None,
                                                   criterion='gini',
                                                   max_depth=None,
                                                   max_features='auto',
                                                   max_leaf_nodes=None,
                                                   max_samples=None,
                                                   min_impurity_decrease=0.0,
                                                   min_impurity_split=None,
                                                   min_samples_leaf=1,
                                                   min_samples_split=2,
                                                   min_weight_fraction_leaf=0.0,
                                                   n_estimators=100, n_jobs=-1,
                                                   oob_score=Fa...
                                                     max_depth=None,
                                                     max_features='auto',
                                                     max_leaf_nodes=None,
                                                     max_samples=None,
                                                     min_impurity_decrease=0.0,
                                                     min_impurity_split=None,
                                                     min_samples_leaf=1,
                                                     min_samples_split=2,
                                                     min_weight_fraction_leaf=0.0,
                                                     n_estimators=100,
                                                     n_jobs=-1, oob_score=False,
                                                     random_state=123,
                                                     verbose=0,
                                                     warm_start=False))],
                 flatten_transform=True, n_jobs=-1, verbose=False,
                 voting='soft', weights=None), feature_name=None, fit_kwargs=None, groups=None, label=False, save=False, scale=1, system=True)
2021-06-28 16:07:48,377:INFO:Checking exceptions
2021-06-28 16:07:48,379:INFO:Preparing display monitor
2021-06-28 16:07:48,384:INFO:Preloading libraries
2021-06-28 16:07:48,575:INFO:Copying training dataset
2021-06-28 16:07:48,576:INFO:Copying test dataset
2021-06-28 16:07:48,576:INFO:Plot type: confusion_matrix
2021-06-28 16:07:48,578:INFO:Fitting Model
2021-06-28 16:07:48,579:INFO:Scoring test/hold-out set
2021-06-28 16:07:48,842:INFO:Visual Rendered Successfully
2021-06-28 16:07:48,904:INFO:plot_model() succesfully completed......................................
2021-06-28 16:07:50,719:INFO:Initializing plot_model()
2021-06-28 16:07:50,720:INFO:plot_model(plot=class_report, fold=None, use_train_data=False, verbose=True, is_in_evaluate=False, display=None, display_format=None, estimator=VotingClassifier(estimators=[('et',
                              ExtraTreesClassifier(bootstrap=False,
                                                   ccp_alpha=0.0,
                                                   class_weight=None,
                                                   criterion='gini',
                                                   max_depth=None,
                                                   max_features='auto',
                                                   max_leaf_nodes=None,
                                                   max_samples=None,
                                                   min_impurity_decrease=0.0,
                                                   min_impurity_split=None,
                                                   min_samples_leaf=1,
                                                   min_samples_split=2,
                                                   min_weight_fraction_leaf=0.0,
                                                   n_estimators=100, n_jobs=-1,
                                                   oob_score=Fa...
                                                     max_depth=None,
                                                     max_features='auto',
                                                     max_leaf_nodes=None,
                                                     max_samples=None,
                                                     min_impurity_decrease=0.0,
                                                     min_impurity_split=None,
                                                     min_samples_leaf=1,
                                                     min_samples_split=2,
                                                     min_weight_fraction_leaf=0.0,
                                                     n_estimators=100,
                                                     n_jobs=-1, oob_score=False,
                                                     random_state=123,
                                                     verbose=0,
                                                     warm_start=False))],
                 flatten_transform=True, n_jobs=-1, verbose=False,
                 voting='soft', weights=None), feature_name=None, fit_kwargs=None, groups=None, label=False, save=False, scale=1, system=True)
2021-06-28 16:07:50,720:INFO:Checking exceptions
2021-06-28 16:07:50,722:INFO:Preparing display monitor
2021-06-28 16:07:50,727:INFO:Preloading libraries
2021-06-28 16:07:50,919:INFO:Copying training dataset
2021-06-28 16:07:50,920:INFO:Copying test dataset
2021-06-28 16:07:50,920:INFO:Plot type: class_report
2021-06-28 16:07:50,922:INFO:Fitting Model
2021-06-28 16:07:50,924:INFO:Scoring test/hold-out set
2021-06-28 16:07:51,235:INFO:Visual Rendered Successfully
2021-06-28 16:07:51,296:INFO:plot_model() succesfully completed......................................
2021-06-28 16:07:52,197:INFO:Initializing plot_model()
2021-06-28 16:07:52,197:INFO:plot_model(plot=auc, fold=None, use_train_data=False, verbose=True, is_in_evaluate=False, display=None, display_format=None, estimator=VotingClassifier(estimators=[('et',
                              ExtraTreesClassifier(bootstrap=False,
                                                   ccp_alpha=0.0,
                                                   class_weight=None,
                                                   criterion='gini',
                                                   max_depth=None,
                                                   max_features='auto',
                                                   max_leaf_nodes=None,
                                                   max_samples=None,
                                                   min_impurity_decrease=0.0,
                                                   min_impurity_split=None,
                                                   min_samples_leaf=1,
                                                   min_samples_split=2,
                                                   min_weight_fraction_leaf=0.0,
                                                   n_estimators=100, n_jobs=-1,
                                                   oob_score=Fa...
                                                     max_depth=None,
                                                     max_features='auto',
                                                     max_leaf_nodes=None,
                                                     max_samples=None,
                                                     min_impurity_decrease=0.0,
                                                     min_impurity_split=None,
                                                     min_samples_leaf=1,
                                                     min_samples_split=2,
                                                     min_weight_fraction_leaf=0.0,
                                                     n_estimators=100,
                                                     n_jobs=-1, oob_score=False,
                                                     random_state=123,
                                                     verbose=0,
                                                     warm_start=False))],
                 flatten_transform=True, n_jobs=-1, verbose=False,
                 voting='soft', weights=None), feature_name=None, fit_kwargs=None, groups=None, label=False, save=False, scale=1, system=True)
2021-06-28 16:07:52,197:INFO:Checking exceptions
2021-06-28 16:07:52,199:INFO:Preparing display monitor
2021-06-28 16:07:52,204:INFO:Preloading libraries
2021-06-28 16:07:52,398:INFO:Copying training dataset
2021-06-28 16:07:52,399:INFO:Copying test dataset
2021-06-28 16:07:52,400:INFO:Plot type: auc
2021-06-28 16:07:52,401:INFO:Fitting Model
2021-06-28 16:07:52,405:INFO:Scoring test/hold-out set
2021-06-28 16:07:52,683:INFO:Visual Rendered Successfully
2021-06-28 16:07:52,742:INFO:plot_model() succesfully completed......................................
